
> todaymall@1.0.0 start
> node ./scripts/adbReverse.js && react-native start --custom-log-reporter-path ./scripts/metroFilteredReporter.js

[adb-reverse] tcp:8081 → device tcp:8081 OK

Welcome to React Native v0.81
Starting dev server on http://localhost:8081


                        ▒▒▓▓▓▓▒▒
                     ▒▓▓▓▒▒░░▒▒▓▓▓▒
                  ▒▓▓▓▓░░░▒▒▒▒░░░▓▓▓▓▒
                 ▓▓▒▒▒▓▓▓▓▓▓▓▓▓▓▓▓▒▒▒▓▓
                 ▓▓░░░░░▒▓▓▓▓▓▓▒░░░░░▓▓
                 ▓▓░░▓▓▒░░░▒▒░░░▒▓▒░░▓▓
                 ▓▓░░▓▓▓▓▓▒▒▒▒▓▓▓▓▒░░▓▓
                 ▓▓░░▓▓▓▓▓▓▓▓▓▓▓▓▓▒░░▓▓
                 ▓▓▒░░▒▒▓▓▓▓▓▓▓▓▒░░░▒▓▓
                  ▒▓▓▓▒░░░▒▓▓▒░░░▒▓▓▓▒
                     ▒▓▓▓▒░░░░▒▓▓▓▒
                        ▒▒▓▓▓▓▒▒


                Welcome to Metro v0.83.5
              Fast - Scalable - Integrated


 INFO  Dev server ready. Press Ctrl+C to exit.
 INFO  Interactive mode is not supported in this environment
